    		

    		<< Start of Message >>
    		There was a hacking attempt on your form. 
 
    		Date of Attack: 18 Jan 2012
    		IP-Adress: 189.217.17.104 

    		Host of Attacker: customer-189-217-17-104.cablevision.net.mx
    		Point of Attack: Campo desconocido
    		<< End of Message >>    		

    		<< Start of Message >>
    		There was a hacking attempt on your form. 
 
    		Date of Attack: 18 Jan 2012
    		IP-Adress: 189.217.17.104 

    		Host of Attacker: customer-189-217-17-104.cablevision.net.mx
    		Point of Attack: Campo desconocido
    		<< End of Message >>    		

    		<< Start of Message >>
    		There was a hacking attempt on your form. 
 
    		Date of Attack: 18 Jan 2012
    		IP-Adress: 189.217.17.104 

    		Host of Attacker: customer-189-217-17-104.cablevision.net.mx
    		Point of Attack: Campo desconocido
    		<< End of Message >>    		

    		<< Start of Message >>
    		There was a hacking attempt on your form. 
 
    		Date of Attack: 18 Jan 2012
    		IP-Adress: 189.217.17.104 

    		Host of Attacker: customer-189-217-17-104.cablevision.net.mx
    		Point of Attack: Campo desconocido
    		<< End of Message >>    		

    		<< Start of Message >>
    		There was a hacking attempt on your form. 
 
    		Date of Attack: 18 Jan 2012
    		IP-Adress: 189.217.17.104 

    		Host of Attacker: customer-189-217-17-104.cablevision.net.mx
    		Point of Attack: Campo desconocido
    		<< End of Message >>    		

    		<< Start of Message >>
    		There was a hacking attempt on your form. 
 
    		Date of Attack: 18 Jan 2012
    		IP-Adress: 189.217.17.104 

    		Host of Attacker: customer-189-217-17-104.cablevision.net.mx
    		Point of Attack: Campo desconocido
    		<< End of Message >>    		

    		<< Start of Message >>
    		There was a hacking attempt on your form. 
 
    		Date of Attack: 18 Jan 2012
    		IP-Adress: 189.217.17.104 

    		Host of Attacker: customer-189-217-17-104.cablevision.net.mx
    		Point of Attack: Campo desconocido
    		<< End of Message >>    		

    		<< Start of Message >>
    		There was a hacking attempt on your form. 
 
    		Date of Attack: 18 Jan 2012
    		IP-Adress: 189.217.17.104 

    		Host of Attacker: customer-189-217-17-104.cablevision.net.mx
    		Point of Attack: Campo desconocido
    		<< End of Message >>